\BOOKMARK [1][-]{section*.1}{\376\377\314\050\000\040\270\100}{}% 1
\BOOKMARK [1][-]{section.0.1}{\376\377\000L\000a\000T\000e\000X\307\164\325\164\325\130\256\060}{}% 2
\BOOKMARK [2][-]{subsection.0.1.1}{\376\377\000L\000a\000T\000e\000X\307\164\267\200\000\040\273\064\305\307\307\170\254\000\306\224\000?}{section.0.1}% 3
\BOOKMARK [2][-]{subsection.0.1.2}{\376\377\306\134\000\040\000L\000a\000T\000e\000X\307\104\000\040\300\254\306\251\325\130\260\230\306\224\000?}{section.0.1}% 4
\BOOKMARK [1][-]{section.0.2}{\376\377\000L\000a\000T\000e\000X\302\334\307\221\325\130\256\060}{}% 5
\BOOKMARK [2][-]{subsection.0.2.1}{\376\377\000L\000a\000T\000e\000X\301\044\316\130\325\130\256\060}{section.0.2}% 6
\BOOKMARK [2][-]{subsection.0.2.2}{\376\377\256\060\274\370\000\040\300\254\325\155}{section.0.2}% 7
\BOOKMARK [2][-]{subsection.0.2.3}{\376\377\273\070\310\034\254\000\000\040\300\335\256\060\301\150\260\230\306\224\000?}{section.0.2}% 8
\BOOKMARK [1][-]{section.0.3}{\376\377\273\070\301\034\000\040\307\221\301\061\000\040\302\334\307\221\325\130\256\060}{}% 9
\BOOKMARK [2][-]{subsection.0.3.1}{\376\377\306\010\302\334\000\040\317\124\264\334\000\040\255\154\254\275\325\130\256\060}{section.0.3}% 10
\BOOKMARK [2][-]{subsection.0.3.2}{\376\377\256\000\307\130\000\040\255\154\310\160}{section.0.3}% 11
\BOOKMARK [2][-]{subsection.0.3.3}{\376\377\000P\000r\000e\000a\000m\000b\000l\000e\307\130\000\040\256\060\262\245}{section.0.3}% 12
\BOOKMARK [2][-]{subsection.0.3.4}{\376\377\272\205\270\071\305\264\000\040\305\114\305\104\274\364\256\060}{section.0.3}% 13
\BOOKMARK [2][-]{subsection.0.3.5}{\376\377\273\070\310\034\254\000\000\040\300\335\256\060\301\150\260\230\306\224\000?\000?}{section.0.3}% 14
\BOOKMARK [1][-]{section.0.4}{\376\377\310\200\000\040\263\124\000\040\255\154\314\264\310\001\307\074\270\134}{}% 15
\BOOKMARK [2][-]{subsection.0.4.1}{\376\377\000d\000o\000c\000u\000m\000e\000n\000t\000c\000l\000a\000s\000s\305\320\000\040\263\000\325\130\305\354}{section.0.4}% 16
\BOOKMARK [2][-]{subsection.0.4.2}{\376\377\307\040\306\251\325\134\000\040\000p\000a\000c\000k\000a\000g\000e\000\040\305\114\305\104\274\364\256\060}{section.0.4}% 17
\BOOKMARK [2][-]{subsection.0.4.3}{\376\377\302\030\302\335\000\040\307\221\301\061\325\130\256\060}{section.0.4}% 18
\BOOKMARK [2][-]{subsection.0.4.4}{\376\377\324\134\306\100\000\040\255\370\271\274}{section.0.4}% 19
\BOOKMARK [2][-]{subsection.0.4.5}{\376\377\273\070\310\034\254\000\000\040\300\335\256\060\301\150\260\230\306\224\000?}{section.0.4}% 20
\BOOKMARK [1][-]{section.0.5}{\376\377\000A\000p\000p\000e\000n\000d\000i\000x}{}% 21
\BOOKMARK [2][-]{subsection.0.5.1}{\376\377\000d\000o\000c\000u\000m\000e\000n\000t\000c\000l\000a\000s\000s}{section.0.5}% 22
\BOOKMARK [2][-]{subsection.0.5.2}{\376\377\302\030\302\335\000\040\272\250\264\334\000\040\254\365\274\061\000\040\256\060\326\070}{section.0.5}% 23
\BOOKMARK [2][-]{subsection.0.5.3}{\376\377\256\000\000\040\307\004\000,\000\040\305\104\267\230\000\040\256\060\326\070}{section.0.5}% 24
\BOOKMARK [2][-]{subsection.0.5.4}{\376\377\265\240\262\344\262\310\262\224\000\040\254\034\314\264\000\040\307\004\316\130\000\040\254\260\310\025\325\130\256\060}{section.0.5}% 25
