This is pdfTeX, Version 3.14159265-2.6-1.40.17 (TeX Live 2016/W32TeX) (preloaded format=pdflatex 2017.1.30)  11 FEB 2017 22:14
entering extended mode
 restricted \write18 enabled.
 file:line:error style messages enabled.
 %&-line parsing enabled.
**\input ./main.tex
(./main.tex
(c:/usr/texlive/2016/texmf-dist/tex/latex/kotex-oblivoir/oblivoir.cls
Document Class: oblivoir 
(c:/usr/texlive/2016/texmf-dist/tex/latex/kotex-oblivoir/xoblivoir.cls
Document Class: xoblivoir 2015/07/27
(c:/usr/texlive/2016/texmf-dist/tex/latex/xkeyval/xkeyval.sty
Package: xkeyval 2014/12/03 v2.7a package option processing (HA)

(c:/usr/texlive/2016/texmf-dist/tex/generic/xkeyval/xkeyval.tex
(c:/usr/texlive/2016/texmf-dist/tex/generic/xkeyval/xkvutils.tex
\XKV@toks=\toks14
\XKV@tempa@toks=\toks15

(c:/usr/texlive/2016/texmf-dist/tex/generic/xkeyval/keyval.tex))
\XKV@depth=\count79
File: xkeyval.tex 2014/12/03 v2.7a key=value parser (HA)
))
(c:/usr/texlive/2016/texmf-dist/tex/generic/iftex/iftex.sty
Package: iftex 2013/04/04 v0.2 Provides if(tex) conditional for PDFTeX, XeTeX, 
and LuaTeX
)
(c:/usr/texlive/2016/texmf-dist/tex/latex/kotex-oblivoir/oblivoir-base.cls
Document Class: oblivoir-base 2015/10/19 v0.8.1 article-like class to typeset U
TF-8 korean using memoir.
\fa@setheight=\skip41
\fa@setwidth=\skip42
(c:/usr/texlive/2016/texmf-dist/tex/latex/l3packages/xparse/xparse.sty
(c:/usr/texlive/2016/texmf-dist/tex/latex/l3kernel/expl3.sty
Package: expl3 2016/11/21 v6760 L3 programming layer (loader) 

(c:/usr/texlive/2016/texmf-dist/tex/latex/l3kernel/expl3-code.tex
Package: expl3 2016/11/21 v6760 L3 programming layer (code)
L3 Module: l3bootstrap 2016/06/13 v6596 L3 Bootstrap code
L3 Module: l3names 2016/10/13 v6722 L3 Namespace for primitives
L3 Module: l3basics 2016/09/01 v6696 L3 Basic definitions
L3 Module: l3expan 2016/08/19 v6684 L3 Argument expansion
L3 Module: l3tl 2016/08/19 v6692 L3 Token lists
L3 Module: l3str 2016/08/19 v6692 L3 Strings
L3 Module: l3seq 2016/08/19 v6685 L3 Sequences and stacks
L3 Module: l3int 2016/09/07 v6700 L3 Integers
\c_max_int=\count80
\l_tmpa_int=\count81
\l_tmpb_int=\count82
\g_tmpa_int=\count83
\g_tmpb_int=\count84
L3 Module: l3quark 2016/08/19 v6685 L3 Quarks
L3 Module: l3prg 2016/08/18 v6679 L3 Control structures
\g__prg_map_int=\count85
L3 Module: l3clist 2016/08/19 v6685 L3 Comma separated lists
L3 Module: l3token 2016/09/01 v6695 L3 Experimental token manipulation
L3 Module: l3prop 2016/08/19 v6685 L3 Property lists
L3 Module: l3msg 2016/08/19 v6691 L3 Messages
L3 Module: l3file 2016/08/19 v6685 L3 File and I/O operations
\l_iow_line_count_int=\count86
\l__iow_target_count_int=\count87
\l__iow_current_line_int=\count88
\l__iow_current_word_int=\count89
\l__iow_current_indentation_int=\count90
L3 Module: l3skip 2016/08/19 v6692 L3 Dimensions and skips
\c_zero_dim=\dimen102
\c_max_dim=\dimen103
\l_tmpa_dim=\dimen104
\l_tmpb_dim=\dimen105
\g_tmpa_dim=\dimen106
\g_tmpb_dim=\dimen107
\c_zero_skip=\skip43
\c_max_skip=\skip44
\l_tmpa_skip=\skip45
\l_tmpb_skip=\skip46
\g_tmpa_skip=\skip47
\g_tmpb_skip=\skip48
\c_zero_muskip=\muskip10
\c_max_muskip=\muskip11
\l_tmpa_muskip=\muskip12
\l_tmpb_muskip=\muskip13
\g_tmpa_muskip=\muskip14
\g_tmpb_muskip=\muskip15
L3 Module: l3keys 2016/09/21 v6711 L3 Key-value interfaces
\l_keys_choice_int=\count91
L3 Module: l3fp 2016/11/21 v6761 L3 Floating points
\c__fp_leading_shift_int=\count92
\c__fp_middle_shift_int=\count93
\c__fp_trailing_shift_int=\count94
\c__fp_big_leading_shift_int=\count95
\c__fp_big_middle_shift_int=\count96
\c__fp_big_trailing_shift_int=\count97
\c__fp_Bigg_leading_shift_int=\count98
\c__fp_Bigg_middle_shift_int=\count99
\c__fp_Bigg_trailing_shift_int=\count100
L3 Module: l3box 2016/08/19 v6685 L3 Experimental boxes
\c_empty_box=\box26
\l_tmpa_box=\box27
\l_tmpb_box=\box28
\g_tmpa_box=\box29
\g_tmpb_box=\box30
L3 Module: l3coffins 2016/08/19 v6685 L3 Coffin code layer
\l__coffin_internal_box=\box31
\l__coffin_internal_dim=\dimen108
\l__coffin_offset_x_dim=\dimen109
\l__coffin_offset_y_dim=\dimen110
\l__coffin_x_dim=\dimen111
\l__coffin_y_dim=\dimen112
\l__coffin_x_prime_dim=\dimen113
\l__coffin_y_prime_dim=\dimen114
\c_empty_coffin=\box32
\l__coffin_aligned_coffin=\box33
\l__coffin_aligned_internal_coffin=\box34
\l_tmpa_coffin=\box35
\l_tmpb_coffin=\box36
\l__coffin_display_coffin=\box37
\l__coffin_display_coord_coffin=\box38
\l__coffin_display_pole_coffin=\box39
\l__coffin_display_offset_dim=\dimen115
\l__coffin_display_x_dim=\dimen116
\l__coffin_display_y_dim=\dimen117
L3 Module: l3color 2016/06/13 v6596 L3 Experimental color support
L3 Module: l3sys 2015/09/25 v6087 L3 Experimental system/runtime functions
L3 Module: l3candidates 2016/08/19 v6688 L3 Experimental additions to l3kernel
\l__box_top_dim=\dimen118
\l__box_bottom_dim=\dimen119
\l__box_left_dim=\dimen120
\l__box_right_dim=\dimen121
\l__box_top_new_dim=\dimen122
\l__box_bottom_new_dim=\dimen123
\l__box_left_new_dim=\dimen124
\l__box_right_new_dim=\dimen125
\l__box_internal_box=\box40
\l__coffin_bounding_shift_dim=\dimen126
\l__coffin_left_corner_dim=\dimen127
\l__coffin_right_corner_dim=\dimen128
\l__coffin_bottom_corner_dim=\dimen129
\l__coffin_top_corner_dim=\dimen130
\l__coffin_scaled_total_height_dim=\dimen131
\l__coffin_scaled_width_dim=\dimen132
L3 Module: l3luatex 2016/08/18 v6679 L3 Experimental LuaTeX-specific functions
)
(c:/usr/texlive/2016/texmf-dist/tex/latex/l3kernel/l3pdfmode.def
File: l3pdfmode.def 2016/08/18 v6679 L3 Experimental driver: PDF mode
\l__driver_color_stack_int=\count101
\l__driver_tmp_box=\box41
))
Package: xparse 2016/11/21 v6760 L3 Experimental document command parser
\l__xparse_current_arg_int=\count102
\l__xparse_m_args_int=\count103
\l__xparse_mandatory_args_int=\count104
\l__xparse_processor_int=\count105
\l__xparse_v_nesting_int=\count106
)
(c:/usr/texlive/2016/texmf-dist/tex/latex/memoir/memoir.cls
Document Class: memoir 2016/05/16 v3.7f configurable book, report, article docu
ment class
\onelineskip=\skip49
\lxvchars=\skip50
\xlvchars=\skip51
\@memcnta=\count107
\c@@memmarkcntra=\count108
(c:/usr/texlive/2016/texmf-dist/tex/generic/oberdiek/ifpdf.sty
Package: ifpdf 2016/05/14 v3.1 Provides the ifpdf switch
)
(c:/usr/texlive/2016/texmf-dist/tex/latex/ifetex/ifetex.sty
Package: ifetex 2011/12/15 v1.2 ifetex

(c:/usr/texlive/2016/texmf-dist/tex/plain/ifetex/ifetex.tex))
(c:/usr/texlive/2016/texmf-dist/tex/generic/ifxetex/ifxetex.sty
Package: ifxetex 2010/09/12 v0.6 Provides ifxetex conditional
)
(c:/usr/texlive/2016/texmf-dist/tex/generic/oberdiek/ifluatex.sty
Package: ifluatex 2016/05/16 v1.4 Provides the ifluatex switch (HO)
Package ifluatex Info: LuaTeX not detected.
)
\stockheight=\skip52
\stockwidth=\skip53
\trimtop=\skip54
\trimedge=\skip55

(c:/usr/texlive/2016/texmf-dist/tex/latex/memoir/mem10.clo
File: mem10.clo 2008/01/30 v0.3 memoir class 10pt size option
)
\binding=\skip56
\spinemargin=\skip57
\foremargin=\skip58
\uppermargin=\skip59
\lowermargin=\skip60
\headdrop=\skip61
\normalrulethickness=\skip62
\mem@maxheadheight=\skip63
\mem@maxfootheight=\skip64
\headwidth=\skip65
\c@storedpagenumber=\count109
\memPD=\dimen133
\m@mabparskip=\skip66
\thanksmarkwidth=\skip67
\thanksmarksep=\skip68
\droptitle=\skip69
\c@book=\count110
\c@part=\count111
\c@chapter=\count112
\c@section=\count113
\c@subsection=\count114
\c@subsubsection=\count115
\c@paragraph=\count116
\c@subparagraph=\count117
\beforechapskip=\skip70
\midchapskip=\skip71
\afterchapskip=\skip72
\chapindent=\skip73
\bottomsectionskip=\skip74
\secindent=\skip75
\beforesecskip=\skip76
\aftersecskip=\skip77
\subsecindent=\skip78
\beforesubsecskip=\skip79
\aftersubsecskip=\skip80
\subsubsecindent=\skip81
\beforesubsubsecskip=\skip82
\aftersubsubsecskip=\skip83
\paraindent=\skip84
\beforeparaskip=\skip85
\afterparaskip=\skip86
\subparaindent=\skip87
\beforesubparaskip=\skip88
\aftersubparaskip=\skip89
\pfbreakskip=\skip90
\c@@ppsavesec=\count118
\c@@ppsaveapp=\count119
\ragrparindent=\dimen134
\everylistparindent=\dimen135
\parsepi=\skip91
\topsepi=\skip92
\itemsepi=\skip93
\parsepii=\skip94
\topsepii=\skip95
\topsepiii=\skip96
\itemsepii=\skip97
\itemsepiii=\skip98
\partopsepii=\skip99
\partopsepiii=\skip100
\m@msavetopsep=\skip101
\m@msavepartopsep=\skip102
\@enLab=\toks16
\abstitleskip=\skip103
\absleftindent=\skip104
\abs@leftindent=\dimen136
\absrightindent=\skip105
\absparindent=\skip106
\absparsep=\skip107
\c@vslineno=\count120
\c@poemline=\count121
\c@modulo@vs=\count122
\c@memfvsline=\count123
\vleftskip=\skip108
\vrightskip=\skip109
\stanzaskip=\skip110
\versewidth=\skip111
\vgap=\skip112
\vindent=\skip113
\vleftmargin=\dimen137
\c@verse=\count124
\c@chrsinstr=\count125
\beforepoemtitleskip=\skip114
\afterpoemtitleskip=\skip115
\c@poem=\count126
\beforePoemTitleskip=\skip116
\midPoemTitleskip=\skip117
\afterPoemTitleskip=\skip118
\col@sep=\dimen138
\extrarowheight=\dimen139
\NC@list=\toks17
\extratabsurround=\skip119
\backup@length=\skip120
\TX@col@width=\dimen140
\TX@old@table=\dimen141
\TX@old@col=\dimen142
\TX@target=\dimen143
\TX@delta=\dimen144
\TX@cols=\count127
\TX@ftn=\toks18
\heavyrulewidth=\dimen145
\lightrulewidth=\dimen146
\cmidrulewidth=\dimen147
\belowrulesep=\dimen148
\belowbottomsep=\dimen149
\aboverulesep=\dimen150
\abovetopsep=\dimen151
\cmidrulesep=\dimen152
\cmidrulekern=\dimen153
\defaultaddspace=\dimen154
\@cmidla=\count128
\@cmidlb=\count129
\@aboverulesep=\dimen155
\@belowrulesep=\dimen156
\@thisruleclass=\count130
\@lastruleclass=\count131
\@thisrulewidth=\dimen157
\ctableftskip=\skip121
\ctabrightskip=\skip122
\abovecolumnspenalty=\count132
\@linestogo=\count133
\@cellstogo=\count134
\@cellsincolumn=\count135
\crtok=\toks19
\@mincolumnwidth=\dimen158
\c@newflo@tctr=\count136
\mem@margin@floatbox=\box42
\@contcwidth=\skip123
\@contindw=\skip124
\abovecaptionskip=\skip125
\belowcaptionskip=\skip126
\subfloattopskip=\skip127
\subfloatcapskip=\skip128
\subfloatcaptopadj=\skip129
\subfloatbottomskip=\skip130
\subfloatlabelskip=\skip131
\subfloatcapmargin=\dimen159
\c@@contsubnum=\count137
\m@mscap@capbox=\box43
\m@mscap@fbox=\box44
\sidecapsep=\dimen160
\sidecapwidth=\dimen161
\m@m@tempdima=\dimen162
\m@mscapraise=\dimen163
\sidecapraise=\dimen164
\m@mscapmainwidth=\dimen165
\m@mscaplkern=\dimen166
\beforeepigraphskip=\skip132
\afterepigraphskip=\skip133
\epigraphwidth=\skip134
\epigraphrule=\skip135
LaTeX Info: Redefining \em on input line 7551.
LaTeX Info: Redefining \emph on input line 7559.
\tocentryskip=\skip136
\tocbaseline=\skip137
\cftparskip=\skip138
\cftbeforebookskip=\skip139
\cftbookindent=\dimen167
\cftbooknumwidth=\dimen168
\cftbeforepartskip=\skip140
\cftpartindent=\skip141
\cftpartnumwidth=\skip142
\cftbeforechapterskip=\skip143
\cftchapterindent=\skip144
\cftchapternumwidth=\skip145
\cftbeforesectionskip=\skip146
\cftsectionindent=\skip147
\cftsectionnumwidth=\skip148
\cftbeforesubsectionskip=\skip149
\cftsubsectionindent=\skip150
\cftsubsectionnumwidth=\skip151
\cftbeforesubsubsectionskip=\skip152
\cftsubsubsectionindent=\skip153
\cftsubsubsectionnumwidth=\skip154
\cftbeforeparagraphskip=\skip155
\cftparagraphindent=\skip156
\cftparagraphnumwidth=\skip157
\cftbeforesubparagraphskip=\skip158
\cftsubparagraphindent=\skip159
\cftsubparagraphnumwidth=\skip160
\prechapterprecisshift=\dimen169
\c@maxsecnumdepth=\count138
\bibindent=\dimen170
\bibitemsep=\skip161
\indexcolsep=\skip162
\indexrule=\skip163
\indexmarkstyle=\toks20
\@indexbox=\insert199
\glossarycolsep=\dimen171
\glossaryrule=\dimen172
\sideparvshift=\skip164
\sideins=\insert198
\sidebartopsep=\skip165
\sidebarhsep=\skip166
\sidebarvsep=\skip167
\sidebarwidth=\skip168
\footmarkwidth=\skip169
\footmarksep=\skip170
\footparindent=\skip171
\footinsdim=\skip172
\footinsv@r=\insert197
\@mpfootinsv@r=\insert196
\m@m@k=\count139
\m@m@h=\dimen173
\m@mipn@skip=\skip173
\sidefootins=\insert195
\sidefootadjust=\skip174
\sidefootheight=\skip175
\sidefoothsep=\skip176
\sidefootvsep=\skip177
\sidefootwidth=\skip178
\m@mdownsf=\skip179
\c@sidefootnote=\count140
\sidefootmarkwidth=\skip180
\sidefootmarksep=\skip181
\sidefootparindent=\skip182
\c@pagenote=\count141
\c@pagenoteshadow=\count142
\mem@pn@lastkern=\skip183
\every@verbatim=\toks21
\afterevery@verbatim=\toks22
\verbatim@line=\toks23
\tab@position=\count143
\verbatim@in@stream=\read1
\verbatimindent=\skip184
\verbatim@out=\write3
\bvboxsep=\skip185
\c@memfbvline=\count144
\c@bvlinectr=\count145
\bvnumlength=\skip186
\fb@frw=\dimen174
\fb@frh=\dimen175
\FrameRule=\dimen176
\FrameSep=\dimen177
\c@cp@cntr=\count146
LaTeX Info: Redefining \: on input line 12068.
LaTeX Info: Redefining \! on input line 12070.
\c@ism@mctr=\count147
\c@xsm@mctr=\count148
\c@csm@mctr=\count149
\c@ksm@mctr=\count150
\c@xksm@mctr=\count151
\c@cksm@mctr=\count152
\c@msm@mctr=\count153
\c@xmsm@mctr=\count154
\c@cmsm@mctr=\count155
\c@bsm@mctr=\count156
\c@workm@mctr=\count157
\c@sheetsequence=\count158
\c@lastsheet=\count159
\c@lastpage=\count160
\c@figure=\count161
\c@lofdepth=\count162
\cftbeforefigureskip=\skip187
\cftfigureindent=\skip188
\cftfigurenumwidth=\skip189
\c@table=\count163
\c@lotdepth=\count164
\cftbeforetableskip=\skip190
\cfttableindent=\skip191
\cfttablenumwidth=\skip192
Package abstract [2008/07/23] emulated by memoir.
Package appendix [2008/07/23] emulated by memoir.
Package array [2008/09/09] emulated by memoir.
Package booktabs [2016/05/16] emulated by memoir.
Package ccaption [2008/07/23] emulated by memoir.
Package changepage [2008/07/23] emulated by memoir.
Package chngcntr [2008/07/23] emulated by memoir.
Package chngpage [2008/07/23] emulated by memoir.
Package crop emulated by memoir.
Package dcolumn [2008/07/23] emulated by memoir.
Package delarray [2008/07/23] emulated by memoir.
Package enumerate [2008/07/23] emulated by memoir.
Package epigraph [2008/07/23] emulated by memoir.
Package ifmtarg [2008/07/23] emulated by memoir.
Package index [2008/07/23] emulated by memoir.
Package makeidx [2008/07/23] emulated by memoir.
Package moreverb [2008/07/23] emulated by memoir.
Package mparhack [2008/07/23] emulated by memoir.
Package needspace [2008/07/23] emulated by memoir.
Package newfile [2008/07/23] emulated by memoir.
Package nextpage [2008/07/23] emulated by memoir.
Package pagenote [2008/07/23] emulated by memoir.
Package parskip [2008/07/23] emulated by memoir.
Package patchcmd [2008/07/23] emulated by memoir.
Package setspace [2008/07/23] emulated by memoir.
Package shortvrb [2008/07/23] emulated by memoir.
Package showidx [2008/07/23] emulated by memoir.
Package tabularx [2008/07/23] emulated by memoir.
Package titleref [2008/07/23] emulated by memoir.
Package titling [2008/07/23] emulated by memoir.
Package tocbibind [2008/07/23] emulated by memoir.
Package tocloft [2008/07/23] emulated by memoir.
Package tocvsec2 [2008/07/23] emulated by memoir.
Package verbatim [2008/07/23] emulated by memoir.
Package verse [2008/07/23] emulated by memoir.

(c:/usr/texlive/2016/texmf-dist/tex/latex/memoir/mempatch.sty
Package: mempatch 2009/07/24 v6.0f Patches for memoir class v1.6180339
))
(c:/usr/texlive/2016/texmf-dist/tex/latex/kotex-oblivoir/memhangul-ucs/memhangu
l-ucs.sty
Package: memhangul-ucs 2014/06/12UCS Hangul Package for memoir class

memhangul-ucs v1.7.7 2014/06/12
(c:/usr/texlive/2016/texmf-dist/tex/latex/kotex-utf/dhucs.sty
Package: dhucs 2012/11/08 v5.3.2 typesetting UTF-8 Korean documents

(c:/usr/texlive/2016/texmf-dist/tex/latex/kotex-utf/kotexutf.sty
Package: kotexutf 2015/07/18 v2.1.1 typesetting UTF-8 Korean documents

(c:/usr/texlive/2016/texmf-dist/tex/latex/base/inputenc.sty
Package: inputenc 2015/03/17 v1.2c Input encoding file
\inpenc@prehook=\toks24
\inpenc@posthook=\toks25

(c:/usr/texlive/2016/texmf-dist/tex/latex/base/utf8.def
File: utf8.def 2016/02/28 v1.1s UTF-8 support for inputenc
Now handling font encoding OML ...
... no UTF-8 mapping file for font encoding OML
Now handling font encoding T1 ...
... processing UTF-8 mapping file for font encoding T1

(c:/usr/texlive/2016/texmf-dist/tex/latex/base/t1enc.dfu
File: t1enc.dfu 2016/02/28 v1.1s UTF-8 support for inputenc
   defining Unicode char U+00A0 (decimal 160)
   defining Unicode char U+00A1 (decimal 161)
   defining Unicode char U+00A3 (decimal 163)
   defining Unicode char U+00AB (decimal 171)
   defining Unicode char U+00AD (decimal 173)
   defining Unicode char U+00BB (decimal 187)
   defining Unicode char U+00BF (decimal 191)
   defining Unicode char U+00C0 (decimal 192)
   defining Unicode char U+00C1 (decimal 193)
   defining Unicode char U+00C2 (decimal 194)
   defining Unicode char U+00C3 (decimal 195)
   defining Unicode char U+00C4 (decimal 196)
   defining Unicode char U+00C5 (decimal 197)
   defining Unicode char U+00C6 (decimal 198)
   defining Unicode char U+00C7 (decimal 199)
   defining Unicode char U+00C8 (decimal 200)
   defining Unicode char U+00C9 (decimal 201)
   defining Unicode char U+00CA (decimal 202)
   defining Unicode char U+00CB (decimal 203)
   defining Unicode char U+00CC (decimal 204)
   defining Unicode char U+00CD (decimal 205)
   defining Unicode char U+00CE (decimal 206)
   defining Unicode char U+00CF (decimal 207)
   defining Unicode char U+00D0 (decimal 208)
   defining Unicode char U+00D1 (decimal 209)
   defining Unicode char U+00D2 (decimal 210)
   defining Unicode char U+00D3 (decimal 211)
   defining Unicode char U+00D4 (decimal 212)
   defining Unicode char U+00D5 (decimal 213)
   defining Unicode char U+00D6 (decimal 214)
   defining Unicode char U+00D8 (decimal 216)
   defining Unicode char U+00D9 (decimal 217)
   defining Unicode char U+00DA (decimal 218)
   defining Unicode char U+00DB (decimal 219)
   defining Unicode char U+00DC (decimal 220)
   defining Unicode char U+00DD (decimal 221)
   defining Unicode char U+00DE (decimal 222)
   defining Unicode char U+00DF (decimal 223)
   defining Unicode char U+00E0 (decimal 224)
   defining Unicode char U+00E1 (decimal 225)
   defining Unicode char U+00E2 (decimal 226)
   defining Unicode char U+00E3 (decimal 227)
   defining Unicode char U+00E4 (decimal 228)
   defining Unicode char U+00E5 (decimal 229)
   defining Unicode char U+00E6 (decimal 230)
   defining Unicode char U+00E7 (decimal 231)
   defining Unicode char U+00E8 (decimal 232)
   defining Unicode char U+00E9 (decimal 233)
   defining Unicode char U+00EA (decimal 234)
   defining Unicode char U+00EB (decimal 235)
   defining Unicode char U+00EC (decimal 236)
   defining Unicode char U+00ED (decimal 237)
   defining Unicode char U+00EE (decimal 238)
   defining Unicode char U+00EF (decimal 239)
   defining Unicode char U+00F0 (decimal 240)
   defining Unicode char U+00F1 (decimal 241)
   defining Unicode char U+00F2 (decimal 242)
   defining Unicode char U+00F3 (decimal 243)
   defining Unicode char U+00F4 (decimal 244)
   defining Unicode char U+00F5 (decimal 245)
   defining Unicode char U+00F6 (decimal 246)
   defining Unicode char U+00F8 (decimal 248)
   defining Unicode char U+00F9 (decimal 249)
   defining Unicode char U+00FA (decimal 250)
   defining Unicode char U+00FB (decimal 251)
   defining Unicode char U+00FC (decimal 252)
   defining Unicode char U+00FD (decimal 253)
   defining Unicode char U+00FE (decimal 254)
   defining Unicode char U+00FF (decimal 255)
   defining Unicode char U+0100 (decimal 256)
   defining Unicode char U+0101 (decimal 257)
   defining Unicode char U+0102 (decimal 258)
   defining Unicode char U+0103 (decimal 259)
   defining Unicode char U+0104 (decimal 260)
   defining Unicode char U+0105 (decimal 261)
   defining Unicode char U+0106 (decimal 262)
   defining Unicode char U+0107 (decimal 263)
   defining Unicode char U+0108 (decimal 264)
   defining Unicode char U+0109 (decimal 265)
   defining Unicode char U+010A (decimal 266)
   defining Unicode char U+010B (decimal 267)
   defining Unicode char U+010C (decimal 268)
   defining Unicode char U+010D (decimal 269)
   defining Unicode char U+010E (decimal 270)
   defining Unicode char U+010F (decimal 271)
   defining Unicode char U+0110 (decimal 272)
   defining Unicode char U+0111 (decimal 273)
   defining Unicode char U+0112 (decimal 274)
   defining Unicode char U+0113 (decimal 275)
   defining Unicode char U+0114 (decimal 276)
   defining Unicode char U+0115 (decimal 277)
   defining Unicode char U+0116 (decimal 278)
   defining Unicode char U+0117 (decimal 279)
   defining Unicode char U+0118 (decimal 280)
   defining Unicode char U+0119 (decimal 281)
   defining Unicode char U+011A (decimal 282)
   defining Unicode char U+011B (decimal 283)
   defining Unicode char U+011C (decimal 284)
   defining Unicode char U+011D (decimal 285)
   defining Unicode char U+011E (decimal 286)
   defining Unicode char U+011F (decimal 287)
   defining Unicode char U+0120 (decimal 288)
   defining Unicode char U+0121 (decimal 289)
   defining Unicode char U+0122 (decimal 290)
   defining Unicode char U+0123 (decimal 291)
   defining Unicode char U+0124 (decimal 292)
   defining Unicode char U+0125 (decimal 293)
   defining Unicode char U+0128 (decimal 296)
   defining Unicode char U+0129 (decimal 297)
   defining Unicode char U+012A (decimal 298)
   defining Unicode char U+012B (decimal 299)
   defining Unicode char U+012C (decimal 300)
   defining Unicode char U+012D (decimal 301)
   defining Unicode char U+012E (decimal 302)
   defining Unicode char U+012F (decimal 303)
   defining Unicode char U+0130 (decimal 304)
   defining Unicode char U+0131 (decimal 305)
   defining Unicode char U+0132 (decimal 306)
   defining Unicode char U+0133 (decimal 307)
   defining Unicode char U+0134 (decimal 308)
   defining Unicode char U+0135 (decimal 309)
   defining Unicode char U+0136 (decimal 310)
   defining Unicode char U+0137 (decimal 311)
   defining Unicode char U+0139 (decimal 313)
   defining Unicode char U+013A (decimal 314)
   defining Unicode char U+013B (decimal 315)
   defining Unicode char U+013C (decimal 316)
   defining Unicode char U+013D (decimal 317)
   defining Unicode char U+013E (decimal 318)
   defining Unicode char U+0141 (decimal 321)
   defining Unicode char U+0142 (decimal 322)
   defining Unicode char U+0143 (decimal 323)
   defining Unicode char U+0144 (decimal 324)
   defining Unicode char U+0145 (decimal 325)
   defining Unicode char U+0146 (decimal 326)
   defining Unicode char U+0147 (decimal 327)
   defining Unicode char U+0148 (decimal 328)
   defining Unicode char U+014A (decimal 330)
   defining Unicode char U+014B (decimal 331)
   defining Unicode char U+014C (decimal 332)
   defining Unicode char U+014D (decimal 333)
   defining Unicode char U+014E (decimal 334)
   defining Unicode char U+014F (decimal 335)
   defining Unicode char U+0150 (decimal 336)
   defining Unicode char U+0151 (decimal 337)
   defining Unicode char U+0152 (decimal 338)
   defining Unicode char U+0153 (decimal 339)
   defining Unicode char U+0154 (decimal 340)
   defining Unicode char U+0155 (decimal 341)
   defining Unicode char U+0156 (decimal 342)
   defining Unicode char U+0157 (decimal 343)
   defining Unicode char U+0158 (decimal 344)
   defining Unicode char U+0159 (decimal 345)
   defining Unicode char U+015A (decimal 346)
   defining Unicode char U+015B (decimal 347)
   defining Unicode char U+015C (decimal 348)
   defining Unicode char U+015D (decimal 349)
   defining Unicode char U+015E (decimal 350)
   defining Unicode char U+015F (decimal 351)
   defining Unicode char U+0160 (decimal 352)
   defining Unicode char U+0161 (decimal 353)
   defining Unicode char U+0162 (decimal 354)
   defining Unicode char U+0163 (decimal 355)
   defining Unicode char U+0164 (decimal 356)
   defining Unicode char U+0165 (decimal 357)
   defining Unicode char U+0168 (decimal 360)
   defining Unicode char U+0169 (decimal 361)
   defining Unicode char U+016A (decimal 362)
   defining Unicode char U+016B (decimal 363)
   defining Unicode char U+016C (decimal 364)
   defining Unicode char U+016D (decimal 365)
   defining Unicode char U+016E (decimal 366)
   defining Unicode char U+016F (decimal 367)
   defining Unicode char U+0170 (decimal 368)
   defining Unicode char U+0171 (decimal 369)
   defining Unicode char U+0172 (decimal 370)
   defining Unicode char U+0173 (decimal 371)
   defining Unicode char U+0174 (decimal 372)
   defining Unicode char U+0175 (decimal 373)
   defining Unicode char U+0176 (decimal 374)
   defining Unicode char U+0177 (decimal 375)
   defining Unicode char U+0178 (decimal 376)
   defining Unicode char U+0179 (decimal 377)
   defining Unicode char U+017A (decimal 378)
   defining Unicode char U+017B (decimal 379)
   defining Unicode char U+017C (decimal 380)
   defining Unicode char U+017D (decimal 381)
   defining Unicode char U+017E (decimal 382)
   defining Unicode char U+01CD (decimal 461)
   defining Unicode char U+01CE (decimal 462)
   defining Unicode char U+01CF (decimal 463)
   defining Unicode char U+01D0 (decimal 464)
   defining Unicode char U+01D1 (decimal 465)
   defining Unicode char U+01D2 (decimal 466)
   defining Unicode char U+01D3 (decimal 467)
   defining Unicode char U+01D4 (decimal 468)
   defining Unicode char U+01E2 (decimal 482)
   defining Unicode char U+01E3 (decimal 483)
   defining Unicode char U+01E6 (decimal 486)
   defining Unicode char U+01E7 (decimal 487)
   defining Unicode char U+01E8 (decimal 488)
   defining Unicode char U+01E9 (decimal 489)
   defining Unicode char U+01EA (decimal 490)
   defining Unicode char U+01EB (decimal 491)
   defining Unicode char U+01F0 (decimal 496)
   defining Unicode char U+01F4 (decimal 500)
   defining Unicode char U+01F5 (decimal 501)
   defining Unicode char U+0218 (decimal 536)
   defining Unicode char U+0219 (decimal 537)
   defining Unicode char U+021A (decimal 538)
   defining Unicode char U+021B (decimal 539)
   defining Unicode char U+1E02 (decimal 7682)
   defining Unicode char U+1E03 (decimal 7683)
   defining Unicode char U+200C (decimal 8204)
   defining Unicode char U+2010 (decimal 8208)
   defining Unicode char U+2011 (decimal 8209)
   defining Unicode char U+2012 (decimal 8210)
   defining Unicode char U+2013 (decimal 8211)
   defining Unicode char U+2014 (decimal 8212)
   defining Unicode char U+2015 (decimal 8213)
   defining Unicode char U+2018 (decimal 8216)
   defining Unicode char U+2019 (decimal 8217)
   defining Unicode char U+201A (decimal 8218)
   defining Unicode char U+201C (decimal 8220)
   defining Unicode char U+201D (decimal 8221)
   defining Unicode char U+201E (decimal 8222)
   defining Unicode char U+2030 (decimal 8240)
   defining Unicode char U+2031 (decimal 8241)
   defining Unicode char U+2039 (decimal 8249)
   defining Unicode char U+203A (decimal 8250)
   defining Unicode char U+2423 (decimal 9251)
)
Now handling font encoding OT1 ...
... processing UTF-8 mapping file for font encoding OT1

(c:/usr/texlive/2016/texmf-dist/tex/latex/base/ot1enc.dfu
File: ot1enc.dfu 2016/02/28 v1.1s UTF-8 support for inputenc
   defining Unicode char U+00A0 (decimal 160)
   defining Unicode char U+00A1 (decimal 161)
   defining Unicode char U+00A3 (decimal 163)
   defining Unicode char U+00AD (decimal 173)
   defining Unicode char U+00B8 (decimal 184)
   defining Unicode char U+00BF (decimal 191)
   defining Unicode char U+00C5 (decimal 197)
   defining Unicode char U+00C6 (decimal 198)
   defining Unicode char U+00D8 (decimal 216)
   defining Unicode char U+00DF (decimal 223)
   defining Unicode char U+00E6 (decimal 230)
   defining Unicode char U+00EC (decimal 236)
   defining Unicode char U+00ED (decimal 237)
   defining Unicode char U+00EE (decimal 238)
   defining Unicode char U+00EF (decimal 239)
   defining Unicode char U+00F8 (decimal 248)
   defining Unicode char U+0131 (decimal 305)
   defining Unicode char U+0141 (decimal 321)
   defining Unicode char U+0142 (decimal 322)
   defining Unicode char U+0152 (decimal 338)
   defining Unicode char U+0153 (decimal 339)
   defining Unicode char U+0174 (decimal 372)
   defining Unicode char U+0175 (decimal 373)
   defining Unicode char U+0176 (decimal 374)
   defining Unicode char U+0177 (decimal 375)
   defining Unicode char U+0218 (decimal 536)
   defining Unicode char U+0219 (decimal 537)
   defining Unicode char U+021A (decimal 538)
   defining Unicode char U+021B (decimal 539)
   defining Unicode char U+2013 (decimal 8211)
   defining Unicode char U+2014 (decimal 8212)
   defining Unicode char U+2018 (decimal 8216)
   defining Unicode char U+2019 (decimal 8217)
   defining Unicode char U+201C (decimal 8220)
   defining Unicode char U+201D (decimal 8221)
)
Now handling font encoding OMS ...
... processing UTF-8 mapping file for font encoding OMS

(c:/usr/texlive/2016/texmf-dist/tex/latex/base/omsenc.dfu
File: omsenc.dfu 2016/02/28 v1.1s UTF-8 support for inputenc
   defining Unicode char U+00A7 (decimal 167)
   defining Unicode char U+00B6 (decimal 182)
   defining Unicode char U+00B7 (decimal 183)
   defining Unicode char U+2020 (decimal 8224)
   defining Unicode char U+2021 (decimal 8225)
   defining Unicode char U+2022 (decimal 8226)
)
Now handling font encoding OMX ...
... no UTF-8 mapping file for font encoding OMX
Now handling font encoding U ...
... no UTF-8 mapping file for font encoding U
   defining Unicode char U+00A9 (decimal 169)
   defining Unicode char U+00AA (decimal 170)
   defining Unicode char U+00AE (decimal 174)
   defining Unicode char U+00BA (decimal 186)
   defining Unicode char U+02C6 (decimal 710)
   defining Unicode char U+02DC (decimal 732)
   defining Unicode char U+200C (decimal 8204)
   defining Unicode char U+2026 (decimal 8230)
   defining Unicode char U+2122 (decimal 8482)
   defining Unicode char U+2423 (decimal 9251)
))
(c:/usr/texlive/2016/texmf-dist/tex/plain/kotex-plain/kotexutf-core.tex
\unih@ngulpoint=\count165
\dhucs@emph@raise=\dimen178
)
Now handling font encoding LUC ...
... processing UTF-8 mapping file for font encoding LUC

(c:/usr/texlive/2016/texmf-dist/tex/latex/kotex-utf/lucenc.dfu
File: lucenc.dfu 2007/09/05 UTF-8 support for dhucs
   defining Unicode char U+00B7 (decimal 183)
   defining Unicode char U+2018 (decimal 8216)
   defining Unicode char U+2019 (decimal 8217)
   defining Unicode char U+201C (decimal 8220)
   defining Unicode char U+201D (decimal 8221)
   defining Unicode char U+3001 (decimal 12289)
   defining Unicode char U+3002 (decimal 12290)
   defining Unicode char U+3008 (decimal 12296)
   defining Unicode char U+3009 (decimal 12297)
   defining Unicode char U+300A (decimal 12298)
   defining Unicode char U+300B (decimal 12299)
   defining Unicode char U+300C (decimal 12300)
   defining Unicode char U+300D (decimal 12301)
   defining Unicode char U+300E (decimal 12302)
   defining Unicode char U+300F (decimal 12303)
   defining Unicode char U+3010 (decimal 12304)
   defining Unicode char U+3011 (decimal 12305)
   defining Unicode char U+3014 (decimal 12308)
   defining Unicode char U+3015 (decimal 12309)
   defining Unicode char U+3016 (decimal 12310)
   defining Unicode char U+3017 (decimal 12311)
   defining Unicode char U+3018 (decimal 12312)
   defining Unicode char U+3019 (decimal 12313)
   defining Unicode char U+301A (decimal 12314)
   defining Unicode char U+301B (decimal 12315)
   defining Unicode char U+FF01 (decimal 65281)
   defining Unicode char U+FF08 (decimal 65288)
   defining Unicode char U+FF09 (decimal 65289)
   defining Unicode char U+FF0C (decimal 65292)
   defining Unicode char U+FF0E (decimal 65294)
   defining Unicode char U+FF1A (decimal 65306)
   defining Unicode char U+FF1B (decimal 65307)
   defining Unicode char U+FF1C (decimal 65308)
   defining Unicode char U+FF1D (decimal 65309)
   defining Unicode char U+FF1E (decimal 65310)
   defining Unicode char U+FF1F (decimal 65311)
   defining Unicode char U+FF3B (decimal 65339)
   defining Unicode char U+FF3D (decimal 65341)
   defining Unicode char U+FF5B (decimal 65371)
   defining Unicode char U+FF5D (decimal 65373)
   defining Unicode char U+FF61 (decimal 65377)
   defining Unicode char U+FF62 (decimal 65378)
   defining Unicode char U+FF63 (decimal 65379)
   defining Unicode char U+FF64 (decimal 65380)
   defining Unicode char U+FF65 (decimal 65381)
)
\@josa=\count166
\josatoks=\toks26

(c:/usr/texlive/2016/texmf-dist/tex/latex/cjk-ko/kolabels-utf.sty
Package: kolabels-utf 2015/03/20 v1.5 UTF-8 Hangul item labels
)))
\memh@hu=\dimen179
\t@nch@ars=\skip193
\tmp@XXbox=\box45
\tmp@XXdim=\dimen180

(c:/usr/texlive/2016/texmf-dist/tex/latex/kotex-oblivoir/memhangul-ucs/memhangu
l-common.sty
Package: memhangul-common 2015/10/15
\pghgheadwidth=\dimen181
\c@APPchapter=\count167
\c@APPsection=\count168
\c@APPsubsection=\count169
\togetheightoffont=\box46
\htoffnt=\skip194
\divnoteskip=\skip256

(c:/usr/texlive/2016/texmf-dist/tex/latex/kotex-oblivoir/memhangul-ucs/memhangu
l-patch.sty) (c:/usr/texlive/2016/texmf-dist/tex/generic/oberdiek/hologo.sty
Package: hologo 2016/05/16 v1.12 A logo collection with bookmark support (HO)

(c:/usr/texlive/2016/texmf-dist/tex/generic/oberdiek/ltxcmds.sty
Package: ltxcmds 2016/05/16 v1.23 LaTeX kernel commands for general use (HO)
)
(c:/usr/texlive/2016/texmf-dist/tex/generic/oberdiek/infwarerr.sty
Package: infwarerr 2016/05/16 v1.4 Providing info/warning/error messages (HO)
)
(c:/usr/texlive/2016/texmf-dist/tex/generic/oberdiek/kvsetkeys.sty
Package: kvsetkeys 2016/05/16 v1.17 Key value parser (HO)

(c:/usr/texlive/2016/texmf-dist/tex/generic/oberdiek/etexcmds.sty
Package: etexcmds 2016/05/16 v1.6 Avoid name clashes with e-TeX commands (HO)
Package etexcmds Info: Could not find \expanded.
(etexcmds)             That can mean that you are not using pdfTeX 1.50 or
(etexcmds)             that some package has redefined \expanded.
(etexcmds)             In the latter case, load this package earlier.
))
(c:/usr/texlive/2016/texmf-dist/tex/generic/oberdiek/kvdefinekeys.sty
Package: kvdefinekeys 2016/05/16 v1.4 Define keys (HO)
)
(c:/usr/texlive/2016/texmf-dist/tex/generic/oberdiek/pdftexcmds.sty
Package: pdftexcmds 2016/05/21 v0.22 Utility functions of pdfTeX for LuaTeX (HO
)
Package pdftexcmds Info: LuaTeX not detected.
Package pdftexcmds Info: \pdf@primitive is available.
Package pdftexcmds Info: \pdf@ifprimitive is available.
Package pdftexcmds Info: \pdfdraftmode found.
)
(c:/usr/texlive/2016/texmf-dist/tex/generic/oberdiek/ifvtex.sty
Package: ifvtex 2016/05/16 v1.6 Detect VTeX and its facilities (HO)
Package ifvtex Info: VTeX not detected.
)
(c:/usr/texlive/2016/texmf-dist/tex/latex/oberdiek/kvoptions.sty
Package: kvoptions 2016/05/16 v3.12 Key value format for package options (HO)
)
Package hologo Info: Using driver `pdftex'.
)
.................................................
. LaTeX info: "xparse/define-command"
. 
. Defining command \XeTeX with sig. '' on line 1142.
.................................................
.................................................
. LaTeX info: "xparse/define-command"
. 
. Defining command \XeLaTeX with sig. '' on line 1142.
.................................................
.................................................
. LaTeX info: "xparse/define-command"
. 
. Defining command \LuaTeX with sig. '' on line 1148.
.................................................
.................................................
. LaTeX info: "xparse/define-command"
. 
. Defining command \LuaLaTeX with sig. '' on line 1148.
.................................................
)
(c:/usr/texlive/2016/texmf-dist/tex/latex/kotex-oblivoir/memhangul-ucs/memucs-i
nterword.sty
Package: memucs-interword 2007/09/22
\BASE@FONTsize=\dimen182
\ORIG@spaceskip=\skip257
)
(c:/usr/texlive/2016/texmf-dist/tex/latex/kotex-oblivoir/memhangul-ucs/memucs-s
etspace.sty
Package: memucs-setspace 2007/09/21 6.7-memucs8 Contributed and Supported LaTeX
2e package

Package: `memucs-setspace', a modified version of `setspace', 6.7-memucs8 <2007
/09/21>
)
   defining Unicode char U+00BC (decimal 188)
   defining Unicode char U+00BD (decimal 189)
   defining Unicode char U+00BE (decimal 190)
   defining Unicode char U+02D0 (decimal 720)
   defining Unicode char U+2025 (decimal 8229)
   defining Unicode char U+2026 (decimal 8230)
   defining Unicode char U+2015 (decimal 8213)
   defining Unicode char U+2312 (decimal 8978)
\raisedotdim=\dimen183
\dhucs@emph@width=\dimen184
\useremphraisedim=\dimen185
\tmp_user_emph_dim=\dimen186
.................................................
. LaTeX info: "xparse/define-command"
. 
. Defining command \useremph with sig. 'oom' on line 541.
.................................................
)
(c:/usr/texlive/2016/texmf-dist/tex/latex/kotex-oblivoir/memhangul-ucs/nanumfon
tsel.sty
Package: nanumfontsel 
) (c:/usr/texlive/2016/texmf-dist/tex/generic/pdftex/glyphtounicode.tex) (c:/us
r/texlive/2016/texmf-dist/tex/latex/kotex-utf/contrib/dhucs-cmap.sty
Package: dhucs-cmap 2007/06/16 searchable PDF for dhucs upon pdftex
)
\ob@hu=\dimen187

(c:/usr/texlive/2016/texmf-dist/tex/latex/hyperref/hyperref.sty
Package: hyperref 2016/06/24 v6.83q Hypertext links for LaTeX

(c:/usr/texlive/2016/texmf-dist/tex/generic/oberdiek/hobsub-hyperref.sty
Package: hobsub-hyperref 2016/05/16 v1.14 Bundle oberdiek, subset hyperref (HO)


(c:/usr/texlive/2016/texmf-dist/tex/generic/oberdiek/hobsub-generic.sty
Package: hobsub-generic 2016/05/16 v1.14 Bundle oberdiek, subset generic (HO)
Package: hobsub 2016/05/16 v1.14 Construct package bundles (HO)
Package hobsub Info: Skipping package `infwarerr' (already loaded).
Package hobsub Info: Skipping package `ltxcmds' (already loaded).
Package hobsub Info: Skipping package `ifluatex' (already loaded).
Package hobsub Info: Skipping package `ifvtex' (already loaded).
Package: intcalc 2016/05/16 v1.2 Expandable calculations with integers (HO)
Package hobsub Info: Skipping package `ifpdf' (already loaded).
Package hobsub Info: Skipping package `etexcmds' (already loaded).
Package hobsub Info: Skipping package `kvsetkeys' (already loaded).
Package hobsub Info: Skipping package `kvdefinekeys' (already loaded).
Package hobsub Info: Skipping package `pdftexcmds' (already loaded).
Package: pdfescape 2016/05/16 v1.14 Implements pdfTeX's escape features (HO)
Package: bigintcalc 2016/05/16 v1.4 Expandable calculations on big integers (HO
)
Package: bitset 2016/05/16 v1.2 Handle bit-vector datatype (HO)
Package: uniquecounter 2016/05/16 v1.3 Provide unlimited unique counter (HO)
)
Package hobsub Info: Skipping package `hobsub' (already loaded).
Package: letltxmacro 2016/05/16 v1.5 Let assignment for LaTeX macros (HO)
Package: hopatch 2016/05/16 v1.3 Wrapper for package hooks (HO)
Package: xcolor-patch 2016/05/16 xcolor patch
Package: atveryend 2016/05/16 v1.9 Hooks at the very end of document (HO)
Package atveryend Info: \enddocument detected (standard20110627).
Package: atbegshi 2016/06/09 v1.18 At begin shipout hook (HO)
Package: refcount 2016/05/16 v3.5 Data extraction from label references (HO)
Package: hycolor 2016/05/16 v1.8 Color options for hyperref/bookmark (HO)
)
(c:/usr/texlive/2016/texmf-dist/tex/latex/oberdiek/auxhook.sty
Package: auxhook 2016/05/16 v1.4 Hooks for auxiliary files (HO)
)
\@linkdim=\dimen188
\Hy@linkcounter=\count170
\Hy@pagecounter=\count171

(c:/usr/texlive/2016/texmf-dist/tex/latex/hyperref/pd1enc.def
File: pd1enc.def 2016/06/24 v6.83q Hyperref: PDFDocEncoding definition (HO)
Now handling font encoding PD1 ...
... no UTF-8 mapping file for font encoding PD1
)
\Hy@SavedSpaceFactor=\count172

(c:/usr/texlive/2016/texmf-dist/tex/latex/latexconfig/hyperref.cfg
File: hyperref.cfg 2002/06/06 v1.2 hyperref configuration of TeXLive
)
Package hyperref Info: Option `unicode' set `true' on input line 4362.

(c:/usr/texlive/2016/texmf-dist/tex/latex/hyperref/puenc.def
File: puenc.def 2016/06/24 v6.83q Hyperref: PDF Unicode definition (HO)
Now handling font encoding PU ...
... no UTF-8 mapping file for font encoding PU
)
Package hyperref Info: Hyper figures OFF on input line 4486.
Package hyperref Info: Link nesting OFF on input line 4491.
Package hyperref Info: Hyper index ON on input line 4494.
Package hyperref Info: Plain pages OFF on input line 4501.
Package hyperref Info: Backreferencing OFF on input line 4506.
Package hyperref Info: Implicit mode ON; LaTeX internals redefined.
Package hyperref Info: Bookmarks ON on input line 4735.
\c@Hy@tempcnt=\count173

(c:/usr/texlive/2016/texmf-dist/tex/latex/url/url.sty
\Urlmuskip=\muskip16
Package: url 2013/09/16  ver 3.4  Verb mode for urls, etc.
)
LaTeX Info: Redefining \url on input line 5088.
\XeTeXLinkMargin=\dimen189
\Fld@menulength=\count174
\Field@Width=\dimen190
\Fld@charsize=\dimen191
Package hyperref Info: Hyper figures OFF on input line 6342.
Package hyperref Info: Link nesting OFF on input line 6347.
Package hyperref Info: Hyper index ON on input line 6350.
Package hyperref Info: backreferencing OFF on input line 6357.
Package hyperref Info: Link coloring OFF on input line 6362.
Package hyperref Info: Link coloring with OCG OFF on input line 6367.
Package hyperref Info: PDF/A mode OFF on input line 6372.
LaTeX Info: Redefining \ref on input line 6412.
LaTeX Info: Redefining \pageref on input line 6416.
\Hy@abspage=\count175
\c@Item=\count176
\c@Hfootnote=\count177
)
(c:/usr/texlive/2016/texmf-dist/tex/latex/memoir/memhfixc.sty
Package: memhfixc 2013/05/30 v1.17 nameref/hyperref package fixes for memoir cl
ass
\c@memhycontfloat=\count178
\c@Hpagenote=\count179
)

Package hyperref Message: Driver: hpdftex.

(c:/usr/texlive/2016/texmf-dist/tex/latex/hyperref/hpdftex.def
File: hpdftex.def 2016/06/24 v6.83q Hyperref driver for pdfTeX
\Fld@listcount=\count180
\c@bookmark@seq@number=\count181

(c:/usr/texlive/2016/texmf-dist/tex/latex/oberdiek/rerunfilecheck.sty
Package: rerunfilecheck 2016/05/16 v1.8 Rerun checks for auxiliary files (HO)
Package uniquecounter Info: New unique counter `rerunfilecheck' on input line 2
82.
)
\Hy@SectionHShift=\skip258
)
\@ensp=\skip259

(c:/usr/texlive/2016/texmf-dist/tex/latex/kotex-oblivoir/memhangul-ucs/ob-toclo
f.sty)
(c:/usr/texlive/2016/texmf-dist/tex/latex/kotex-oblivoir/memhangul-ucs/ob-korea
nappendix.sty))
HANGUL DRIVER: kotex-utf
)) (c:/usr/texlive/2016/texmf-dist/tex/latex/cjk-ko/kotex.sty
Package: kotex 2015/04/19 v1.6 Korean TeX (ko.TeX)

(c:/usr/texlive/2016/texmf-dist/tex/latex/kotex-utf/kotex.cfg))
(c:/usr/texlive/2016/texmf-dist/tex/latex/lipsum/lipsum.sty
Package: lipsum 2014/07/27 v1.3 150 paragraphs of Lorem Ipsum dummy text
\c@lips@count=\count182
)
(c:/usr/texlive/2016/texmf-dist/tex/latex/graphics/color.sty
Package: color 2016/07/10 v1.1e Standard LaTeX Color (DPC)

(c:/usr/texlive/2016/texmf-dist/tex/latex/graphics-cfg/color.cfg
File: color.cfg 2016/01/02 v1.6 sample color configuration
)
Package color Info: Driver file: pdftex.def on input line 147.

(c:/usr/texlive/2016/texmf-dist/tex/latex/graphics-def/pdftex.def
File: pdftex.def 2017/01/12 v0.06k Graphics/color for pdfTeX
\Gread@gobject=\count183
))
(c:/usr/texlive/2016/texmf-dist/tex/latex/graphics/graphicx.sty
Package: graphicx 2014/10/28 v1.0g Enhanced LaTeX Graphics (DPC,SPQR)

(c:/usr/texlive/2016/texmf-dist/tex/latex/graphics/graphics.sty
Package: graphics 2016/10/09 v1.0u Standard LaTeX Graphics (DPC,SPQR)

(c:/usr/texlive/2016/texmf-dist/tex/latex/graphics/trig.sty
Package: trig 2016/01/03 v1.10 sin cos tan (DPC)
)
(c:/usr/texlive/2016/texmf-dist/tex/latex/graphics-cfg/graphics.cfg
File: graphics.cfg 2016/06/04 v1.11 sample graphics configuration
)
Package graphics Info: Driver file: pdftex.def on input line 99.
)
\Gin@req@height=\dimen192
\Gin@req@width=\dimen193
)
(c:/usr/texlive/2016/texmf-dist/tex/latex/fancyvrb/fancyvrb.sty
Package: fancyvrb 2008/02/07

Style option: `fancyvrb' v2.7a, with DG/SPQR fixes, and firstline=lastline fix 
<2008/02/07> (tvz)
\FV@CodeLineNo=\count184
\FV@InFile=\read2
\FV@TabBox=\box47
\c@FancyVerbLine=\count185
\FV@StepNumber=\count186
\FV@OutFile=\write4
)
Package hyperref Info: Option `colorlinks' set `true' on input line 8.

(c:/usr/texlive/2016/texmf-dist/tex/latex/geometry/geometry.sty
Package: geometry 2010/09/12 v5.6 Page Geometry
\Gm@cnth=\count187
\Gm@cntv=\count188
\c@Gm@tempcnt=\count189
\Gm@bindingoffset=\dimen194
\Gm@wd@mp=\dimen256
\Gm@odd@mp=\dimen257
\Gm@even@mp=\dimen258
\Gm@layoutwidth=\dimen259
\Gm@layoutheight=\dimen260
\Gm@layouthoffset=\dimen261
\Gm@layoutvoffset=\dimen262
\Gm@dimlist=\toks27
)
(c:/usr/texlive/2016/texmf-dist/tex/latex/pdfpages/pdfpages.sty
Package: pdfpages 2017/01/14 v0.5h Insert pages of external PDF documents (AM)

(c:/usr/texlive/2016/texmf-dist/tex/latex/base/ifthen.sty
Package: ifthen 2014/09/29 v1.1c Standard LaTeX ifthen package (DPC)
)
(c:/usr/texlive/2016/texmf-dist/tex/latex/tools/calc.sty
Package: calc 2014/10/28 v4.3 Infix arithmetic (KKT,FJ)
\calc@Acount=\count190
\calc@Bcount=\count191
\calc@Adimen=\dimen263
\calc@Bdimen=\dimen264
\calc@Askip=\skip260
\calc@Bskip=\skip261
LaTeX Info: Redefining \setlength on input line 80.
LaTeX Info: Redefining \addtolength on input line 81.
\calc@Ccount=\count192
\calc@Cskip=\skip262
)
(c:/usr/texlive/2016/texmf-dist/tex/latex/eso-pic/eso-pic.sty
Package: eso-pic 2015/07/21 v2.0g eso-pic (RN)
)
\AM@pagewidth=\dimen265
\AM@pageheight=\dimen266

(c:/usr/texlive/2016/texmf-dist/tex/latex/pdfpages/pppdftex.def
File: pppdftex.def 2017/01/14 v0.5h Pdfpages driver for pdfTeX (AM)
)
\AM@pagebox=\box48
\AM@global@opts=\toks28
\AM@toc@title=\toks29
\c@AM@survey=\count193
\AM@templatesizebox=\box49
) (./main.aux)
\openout1 = `main.aux'.

LaTeX Font Info:    Checking defaults for OML/cmm/m/it on input line 17.
LaTeX Font Info:    ... okay on input line 17.
LaTeX Font Info:    Checking defaults for T1/cmr/m/n on input line 17.
LaTeX Font Info:    ... okay on input line 17.
LaTeX Font Info:    Checking defaults for OT1/cmr/m/n on input line 17.
LaTeX Font Info:    ... okay on input line 17.
LaTeX Font Info:    Checking defaults for OMS/cmsy/m/n on input line 17.
LaTeX Font Info:    ... okay on input line 17.
LaTeX Font Info:    Checking defaults for OMX/cmex/m/n on input line 17.
LaTeX Font Info:    ... okay on input line 17.
LaTeX Font Info:    Checking defaults for U/cmr/m/n on input line 17.
LaTeX Font Info:    ... okay on input line 17.
LaTeX Font Info:    Checking defaults for LUC/nanummj/m/n on input line 17.
LaTeX Font Info:    Try loading font information for LUC+nanummj on input line 
17.

(c:/usr/texlive/2016/texmf-dist/tex/latex/nanumtype1/lucnanummj.fd
File: lucnanummj.fd 2013/02/12 v0.1 Nanum Myeongjo font definitions
)
LaTeX Font Info:    ... okay on input line 17.
LaTeX Font Info:    Checking defaults for PD1/pdf/m/n on input line 17.
LaTeX Font Info:    ... okay on input line 17.
LaTeX Font Info:    Checking defaults for PU/pdf/m/n on input line 17.
LaTeX Font Info:    ... okay on input line 17.
   defining Unicode char U+00B7 (decimal 183)

(c:/usr/texlive/2016/texmf-dist/tex/latex/kotex-oblivoir/memhangul-ucs/memucs-g
remph.sty
Package: memucs-gremph 
LaTeX Info: Redefining \itshape on input line 74.
LaTeX Info: Redefining \slshape on input line 78.
)
\AtBeginShipoutBox=\box50
Package hyperref Info: Link coloring ON on input line 17.
 (c:/usr/texlive/2016/texmf-dist/tex/latex/hyperref/nameref.sty
Package: nameref 2016/05/21 v2.44 Cross-referencing by name of section

(c:/usr/texlive/2016/texmf-dist/tex/generic/oberdiek/gettitlestring.sty
Package: gettitlestring 2016/05/16 v1.5 Cleanup title references (HO)
)
\c@section@level=\count194
)
Redoing nameref's sectioning
Redoing nameref's label
LaTeX Info: Redefining \nameref on input line 17.
LaTeX Info: Redefining \ref on input line 17.
LaTeX Info: Redefining \pageref on input line 17.
LaTeX Info: Redefining \nameref on input line 17.
(./main.out) (./main.out)
\@outlinefile=\write5
\openout5 = `main.out'.


(c:/usr/texlive/2016/texmf-dist/tex/context/base/mkii/supp-pdf.mkii
[Loading MPS to PDF converter (version 2006.09.02).]
\scratchcounter=\count266
\scratchdimen=\dimen267
\scratchbox=\box51
\nofMPsegments=\count267
\nofMParguments=\count268
\everyMPshowfont=\toks30
\MPscratchCnt=\count269
\MPscratchDim=\dimen268
\MPnumerator=\count270
\makeMPintoPDFobject=\count271
\everyMPtoPDFconversion=\toks31
) (c:/usr/texlive/2016/texmf-dist/tex/latex/oberdiek/epstopdf-base.sty
Package: epstopdf-base 2016/05/15 v2.6 Base part for package epstopdf

(c:/usr/texlive/2016/texmf-dist/tex/latex/oberdiek/grfext.sty
Package: grfext 2016/05/16 v1.2 Manage graphics extensions (HO)
)
Package epstopdf-base Info: Redefining graphics rule for `.eps' on input line 4
38.
Package grfext Info: Graphics extension search list:
(grfext)             [.png,.pdf,.jpg,.mps,.jpeg,.jbig2,.jb2,.PNG,.PDF,.JPG,.JPE
G,.JBIG2,.JB2,.eps]
(grfext)             \AppendGraphicsExtensions on input line 456.

(c:/usr/texlive/2016/texmf-dist/tex/latex/latexconfig/epstopdf-sys.cfg
File: epstopdf-sys.cfg 2010/07/13 v1.3 Configuration of (r)epstopdf for TeX Liv
e
))
*geometry* driver: auto-detecting
*geometry* detected driver: pdftex
*geometry* verbose mode - [ preamble ] result:
* driver: pdftex
* paper: a4paper
* layout: <same size as paper>
* layoutoffset:(h,v)=(0.0pt,0.0pt)
* modes: 
* h-part:(L,W,R)=(71.13188pt, 455.24411pt, 71.13188pt)
* v-part:(T,H,B)=(85.35826pt, 674.33032pt, 85.35826pt)
* \paperwidth=597.50787pt
* \paperheight=845.04684pt
* \textwidth=455.24411pt
* \textheight=674.33032pt
* \oddsidemargin=-1.1381pt
* \evensidemargin=-1.1381pt
* \topmargin=-16.97922pt
* \headheight=12.0pt
* \headsep=18.06749pt
* \topskip=10.0pt
* \footskip=25.29494pt
* \marginparwidth=71.0pt
* \marginparsep=7.0pt
* \columnsep=10.0pt
* \skip\footins=15.60004pt
* \hoffset=0.0pt
* \voffset=0.0pt
* \mag=1000
* \@twocolumnfalse
* \@twosidefalse
* \@mparswitchfalse
* \@reversemarginfalse
* (1in=72.27pt=25.4mm, 1cm=28.453pt)

(c:/usr/texlive/2016/texmf-dist/tex/latex/oberdiek/pdflscape.sty
Package: pdflscape 2016/05/14 v0.11 Display of landscape pages in PDF (HO)

(c:/usr/texlive/2016/texmf-dist/tex/latex/graphics/lscape.sty
Package: lscape 2000/10/22 v3.01 Landscape Pages (DPC)
)
Package pdflscape Info: Auto-detected driver: pdftex on input line 81.
)
LaTeX Font Info:    External font `cmex10' loaded for size
(Font)              <10.95> on input line 19.
LaTeX Font Info:    External font `cmex10' loaded for size
(Font)              <8> on input line 19.
LaTeX Font Info:    External font `cmex10' loaded for size
(Font)              <6> on input line 19.
 (./main.toc
LaTeX Font Info:    External font `cmex10' loaded for size
(Font)              <7> on input line 1.
LaTeX Font Info:    External font `cmex10' loaded for size
(Font)              <5> on input line 1.
)
(./intro.tex
Underfull \hbox (badness 10000) in paragraph at lines 7--7
[][]$\OT1/cmtt/m/n/8 http : / / users . softlab . ntua . gr / []sivann / books 
/ LaTeX % 20-[] % 20User '[] s % 20Guide % 20and % 20Reference %
 []

[1

{c:/usr/texlive/2016/texmf-var/fonts/map/pdftex/updmap/pdftex.map}]
LaTeX Font Info:    External font `cmex10' loaded for size
(Font)              <12> on input line 10.
 [2]
[3]) (./install.tex [4]
<figures/nhelloworld.png, id=319, 1445.4pt x 813.0375pt>
File: figures/nhelloworld.png Graphic file (type png)

<use figures/nhelloworld.png>
Package pdftex.def Info: figures/nhelloworld.png used on input line 32.
(pdftex.def)             Requested size: 455.24411pt x 256.07095pt.
 [5 <./figures/nhelloworld.png>]
LaTeX Font Info:    Try loading font information for LUC+nanumgt on input line 
54.

(c:/usr/texlive/2016/texmf-dist/tex/latex/nanumtype1/lucnanumgt.fd
File: lucnanumgt.fd 2013/02/12 v0.1 Nanum Gothic font definitions
)
<figures/helloworld.png, id=336, 1445.4pt x 813.0375pt>
File: figures/helloworld.png Graphic file (type png)

<use figures/helloworld.png>
Package pdftex.def Info: figures/helloworld.png used on input line 72.
(pdftex.def)             Requested size: 455.24411pt x 256.07095pt.


LaTeX Warning: `h' float specifier changed to `ht'.

[6] [7 <./figures/helloworld.png>]
LaTeX Font Info:    Try loading font information for OMS+cmr on input line 115.


(c:/usr/texlive/2016/texmf-dist/tex/latex/base/omscmr.fd
File: omscmr.fd 2014/09/29 v2.5h Standard LaTeX font definitions
)
LaTeX Font Info:    Font shape `OMS/cmr/m/n' in size <10> not available
(Font)              Font shape `OMS/cmsy/m/n' tried instead on input line 115.
 [8]) (./text.tex
[9] <example/examplepdf.pdf, id=392, 597.50829pt x 845.0471pt>
File: example/examplepdf.pdf Graphic file (type pdf)

<use example/examplepdf.pdf>
Package pdftex.def Info: example/examplepdf.pdf used on input line 41.
(pdftex.def)             Requested size: 597.50682pt x 845.04504pt.
File: example/examplepdf.pdf Graphic file (type pdf)
 <use example/examplepdf.pdf>
Package pdftex.def Info: example/examplepdf.pdf used on input line 41.
(pdftex.def)             Requested size: 597.50682pt x 845.04504pt.

<example/examplepdf.pdf, id=395, page=1, 597.50829pt x 845.0471pt>
File: example/examplepdf.pdf Graphic file (type pdf)

<use example/examplepdf.pdf, page 1>
Package pdftex.def Info: example/examplepdf.pdf, page1 used on input line 41.
(pdftex.def)             Requested size: 597.50682pt x 845.04504pt.
File: example/examplepdf.pdf Graphic file (type pdf)
 <use example/examplepdf.pdf, page 1>
Package pdftex.def Info: example/examplepdf.pdf, page1 used on input line 41.
(pdftex.def)             Requested size: 597.53416pt x 845.08372pt.

[10]
File: example/examplepdf.pdf Graphic file (type pdf)
 <use example/examplepdf.pdf, page 1>
Package pdftex.def Info: example/examplepdf.pdf, page1 used on input line 41.
(pdftex.def)             Requested size: 597.53416pt x 845.08372pt.
File: example/examplepdf.pdf Graphic file (type pdf)
 <use example/examplepdf.pdf, page 1>
Package pdftex.def Info: example/examplepdf.pdf, page1 used on input line 41.
(pdftex.def)             Requested size: 597.53416pt x 845.08372pt.
File: example/examplepdf.pdf Graphic file (type pdf)

<use example/examplepdf.pdf, page 1>
Package pdftex.def Info: example/examplepdf.pdf, page1 used on input line 41.
(pdftex.def)             Requested size: 597.53416pt x 845.08372pt.
 [11 <./example/examplepdf.pdf>] [12]
Overfull \hbox (1.2628pt too wide) in paragraph at lines 90--94
\LUC/nanummj/m/n/10/c0 \LUC/nanummj/m/n/10/d5 X\LUC/nanummj/m/n/10/c1 h\LUC/na
nummj/m/n/10/ac \LUC/nanummj/m/n/10/c9 \LUC/nanummj/m/n/10/b9 \OT1/cmr/m/n/1
0 , []\OT1/cmtt/m/n/10 \tableofcontents \LUC/nanummj/m/n/10/b2  \LUC/nanummj/m
/n/10/bb 8\LUC/nanummj/m/n/10/c1 ^^\\LUC/nanummj/m/n/10/c7 X \LUC/nanummj/m/n/1
0/ba \LUC/nanummj/m/n/10/cc (\LUC/nanummj/m/n/10/b9 | \LUC/nanummj/m/n/10/b4 
\LUC/nanummj/m/n/10/c5  \LUC/nanummj/m/n/10/c9 ^^M\LUC/nanummj/m/n/10/b2 []
 \LUC/nanummj/m/n/10/c5 ^\LUC/nanummj/m/n/10/c1 ^^\ $\LUC/nanummj/m/n/10/ba \L
UC/nanummj/m/n/10/d5 \LUC/nanummj/m/n/10/b4  []\OT1/cmtt/m/n/10 \section\OT1/
cmr/m/n/10 , []\OT1/cmtt/m/n/10 \subsection
 []

[13]) (./advanced_1.tex
Underfull \hbox (badness 10000) in paragraph at lines 11--11
[][]$\OT1/cmtt/m/n/8 http : / / users . softlab . ntua . gr / []sivann / books 
/ LaTeX % 20-[] % 20User '[] s % 20Guide % 20and % 20Reference %
 []

[14] [15]) (./advanced_2.tex [16]
<example/mathexamplepdf.pdf, id=652, 597.50829pt x 845.0471pt>
File: example/mathexamplepdf.pdf Graphic file (type pdf)

<use example/mathexamplepdf.pdf>
Package pdftex.def Info: example/mathexamplepdf.pdf used on input line 45.
(pdftex.def)             Requested size: 597.50682pt x 845.04504pt.
File: example/mathexamplepdf.pdf Graphic file (type pdf)
 <use example/mathexamplepdf.pdf>
Package pdftex.def Info: example/mathexamplepdf.pdf used on input line 45.
(pdftex.def)             Requested size: 597.50682pt x 845.04504pt.

<example/mathexamplepdf.pdf, id=655, page=1, 597.50829pt x 845.0471pt>
File: example/mathexamplepdf.pdf Graphic file (type pdf)

<use example/mathexamplepdf.pdf, page 1>
Package pdftex.def Info: example/mathexamplepdf.pdf, page1 used on input line 4
5.
(pdftex.def)             Requested size: 597.50682pt x 845.04504pt.
File: example/mathexamplepdf.pdf Graphic file (type pdf)

<use example/mathexamplepdf.pdf, page 1>
Package pdftex.def Info: example/mathexamplepdf.pdf, page1 used on input line 4
5.
(pdftex.def)             Requested size: 597.53416pt x 845.08372pt.
 [17]
File: example/mathexamplepdf.pdf Graphic file (type pdf)

<use example/mathexamplepdf.pdf, page 1>
Package pdftex.def Info: example/mathexamplepdf.pdf, page1 used on input line 4
5.
(pdftex.def)             Requested size: 597.53416pt x 845.08372pt.
File: example/mathexamplepdf.pdf Graphic file (type pdf)

<use example/mathexamplepdf.pdf, page 1>
Package pdftex.def Info: example/mathexamplepdf.pdf, page1 used on input line 4
5.
(pdftex.def)             Requested size: 597.53416pt x 845.08372pt.
File: example/mathexamplepdf.pdf Graphic file (type pdf)

<use example/mathexamplepdf.pdf, page 1>
Package pdftex.def Info: example/mathexamplepdf.pdf, page1 used on input line 4
5.
(pdftex.def)             Requested size: 597.53416pt x 845.08372pt.
 [18 <./example/mathexamplepdf.pdf>]
[19] <figures/t1.png, id=796, 439.04025pt x 238.491pt>
File: figures/t1.png Graphic file (type png)
 <use figures/t1.png>
Package pdftex.def Info: figures/t1.png used on input line 114.
(pdftex.def)             Requested size: 455.24411pt x 247.29695pt.

[20 <./figures/t1.png>] [21]
<example/tabfigexample.pdf, id=825, 597.50829pt x 845.0471pt>
File: example/tabfigexample.pdf Graphic file (type pdf)

<use example/tabfigexample.pdf>
Package pdftex.def Info: example/tabfigexample.pdf used on input line 193.
(pdftex.def)             Requested size: 597.50682pt x 845.04504pt.
File: example/tabfigexample.pdf Graphic file (type pdf)
 <use example/tabfigexample.pdf>
Package pdftex.def Info: example/tabfigexample.pdf used on input line 193.
(pdftex.def)             Requested size: 597.50682pt x 845.04504pt.

<example/tabfigexample.pdf, id=828, page=1, 597.50829pt x 845.0471pt>
File: example/tabfigexample.pdf Graphic file (type pdf)

<use example/tabfigexample.pdf, page 1>
Package pdftex.def Info: example/tabfigexample.pdf, page1 used on input line 19
3.
(pdftex.def)             Requested size: 597.50682pt x 845.04504pt.
File: example/tabfigexample.pdf Graphic file (type pdf)

<use example/tabfigexample.pdf, page 1>
Package pdftex.def Info: example/tabfigexample.pdf, page1 used on input line 19
3.
(pdftex.def)             Requested size: 597.53416pt x 845.08372pt.
 [22]
File: example/tabfigexample.pdf Graphic file (type pdf)

<use example/tabfigexample.pdf, page 1>
Package pdftex.def Info: example/tabfigexample.pdf, page1 used on input line 19
3.
(pdftex.def)             Requested size: 597.53416pt x 845.08372pt.
File: example/tabfigexample.pdf Graphic file (type pdf)

<use example/tabfigexample.pdf, page 1>
Package pdftex.def Info: example/tabfigexample.pdf, page1 used on input line 19
3.
(pdftex.def)             Requested size: 597.53416pt x 845.08372pt.
File: example/tabfigexample.pdf Graphic file (type pdf)

<use example/tabfigexample.pdf, page 1>
Package pdftex.def Info: example/tabfigexample.pdf, page1 used on input line 19
3.
(pdftex.def)             Requested size: 597.53416pt x 845.08372pt.
 [23 <./example/tabfigexample.pdf>]
[24] [25]) (./appendix.tex [26] [27]) [28]
\tf@toc=\write6
\openout6 = `main.toc'.

Package atveryend Info: Empty hook `BeforeClearDocument' on input line 26.
Package atveryend Info: Empty hook `AfterLastShipout' on input line 26.
 (./main.aux)
Package atveryend Info: Executing hook `AtVeryEndDocument' on input line 26.
Package atveryend Info: Executing hook `AtEndAfterFileList' on input line 26.
Package rerunfilecheck Info: File `main.out' has not changed.
(rerunfilecheck)             Checksum: 9C83F7A6A53341733E6EA847F9FE5003;3343.
Package atveryend Info: Empty hook `AtVeryVeryEnd' on input line 26.
 ) 
Here is how much of TeX's memory you used:
 23306 strings out of 493013
 379428 string characters out of 6135157
 561531 words of memory out of 5000000
 26143 multiletter control sequences out of 15000+600000
 68462 words of font info for 235 fonts, out of 8000000 for 9000
 1141 hyphenation exceptions out of 8191
 68i,18n,48p,10420b,699s stack positions out of 5000i,500n,10000p,200000b,80000s
pdfTeX warning (dest): name{Hfootnote.13} has been referenced but does not ex
ist, replaced by a fixed one

<c:/usr/texlive/2016/texmf-dist/fonts/type1/public/amsfonts/cm/cmbx10.pfb><c:/u
sr/texlive/2016/texmf-dist/fonts/type1/public/amsfonts/cm/cmbx12.pfb><c:/usr/te
xlive/2016/texmf-dist/fonts/type1/public/amsfonts/cm/cmbx8.pfb><c:/usr/texlive/
2016/texmf-dist/fonts/type1/public/amsfonts/cm/cmex10.pfb><c:/usr/texlive/2016/
texmf-dist/fonts/type1/public/amsfonts/cm/cmmi10.pfb><c:/usr/texlive/2016/texmf
-dist/fonts/type1/public/amsfonts/cm/cmmi7.pfb><c:/usr/texlive/2016/texmf-dist/
fonts/type1/public/amsfonts/cm/cmr10.pfb><c:/usr/texlive/2016/texmf-dist/fonts/
type1/public/amsfonts/cm/cmr12.pfb><c:/usr/texlive/2016/texmf-dist/fonts/type1/
public/amsfonts/cm/cmr6.pfb><c:/usr/texlive/2016/texmf-dist/fonts/type1/public/
amsfonts/cm/cmr7.pfb><c:/usr/texlive/2016/texmf-dist/fonts/type1/public/amsfont
s/cm/cmr8.pfb><c:/usr/texlive/2016/texmf-dist/fonts/type1/public/amsfonts/cm/cm
sy10.pfb><c:/usr/texlive/2016/texmf-dist/fonts/type1/public/amsfonts/cm/cmti10.
pfb><c:/usr/texlive/2016/texmf-dist/fonts/type1/public/amsfonts/cm/cmtt10.pfb><
c:/usr/texlive/2016/texmf-dist/fonts/type1/public/amsfonts/cm/cmtt8.pfb><c:/usr
/texlive/2016/texmf-dist/fonts/type1/public/nanumtype1/nanumgtm31.pfb><c:/usr/t
exlive/2016/texmf-dist/fonts/type1/public/nanumtype1/nanumgtmac.pfb><c:/usr/tex
live/2016/texmf-dist/fonts/type1/public/nanumtype1/nanumgtmad.pfb><c:/usr/texli
ve/2016/texmf-dist/fonts/type1/public/nanumtype1/nanumgtmae.pfb><c:/usr/texlive
/2016/texmf-dist/fonts/type1/public/nanumtype1/nanumgtmb0.pfb><c:/usr/texlive/2
016/texmf-dist/fonts/type1/public/nanumtype1/nanumgtmb1.pfb><c:/usr/texlive/201
6/texmf-dist/fonts/type1/public/nanumtype1/nanumgtmb2.pfb><c:/usr/texlive/2016/
texmf-dist/fonts/type1/public/nanumtype1/nanumgtmb3.pfb><c:/usr/texlive/2016/te
xmf-dist/fonts/type1/public/nanumtype1/nanumgtmb4.pfb><c:/usr/texlive/2016/texm
f-dist/fonts/type1/public/nanumtype1/nanumgtmb5.pfb><c:/usr/texlive/2016/texmf-
dist/fonts/type1/public/nanumtype1/nanumgtmb7.pfb><c:/usr/texlive/2016/texmf-di
st/fonts/type1/public/nanumtype1/nanumgtmb8.pfb><c:/usr/texlive/2016/texmf-dist
/fonts/type1/public/nanumtype1/nanumgtmb9.pfb><c:/usr/texlive/2016/texmf-dist/f
onts/type1/public/nanumtype1/nanumgtmba.pfb><c:/usr/texlive/2016/texmf-dist/fon
ts/type1/public/nanumtype1/nanumgtmbb.pfb><c:/usr/texlive/2016/texmf-dist/fonts
/type1/public/nanumtype1/nanumgtmbc.pfb><c:/usr/texlive/2016/texmf-dist/fonts/t
ype1/public/nanumtype1/nanumgtmbd.pfb><c:/usr/texlive/2016/texmf-dist/fonts/typ
e1/public/nanumtype1/nanumgtmc1.pfb><c:/usr/texlive/2016/texmf-dist/fonts/type1
/public/nanumtype1/nanumgtmc2.pfb><c:/usr/texlive/2016/texmf-dist/fonts/type1/p
ublic/nanumtype1/nanumgtmc5.pfb><c:/usr/texlive/2016/texmf-dist/fonts/type1/pub
lic/nanumtype1/nanumgtmc6.pfb><c:/usr/texlive/2016/texmf-dist/fonts/type1/publi
c/nanumtype1/nanumgtmc7.pfb><c:/usr/texlive/2016/texmf-dist/fonts/type1/public/
nanumtype1/nanumgtmc8.pfb><c:/usr/texlive/2016/texmf-dist/fonts/type1/public/na
numtype1/nanumgtmc9.pfb><c:/usr/texlive/2016/texmf-dist/fonts/type1/public/nanu
mtype1/nanumgtmcc.pfb><c:/usr/texlive/2016/texmf-dist/fonts/type1/public/nanumt
ype1/nanumgtmce.pfb><c:/usr/texlive/2016/texmf-dist/fonts/type1/public/nanumtyp
e1/nanumgtmd0.pfb><c:/usr/texlive/2016/texmf-dist/fonts/type1/public/nanumtype1
/nanumgtmd1.pfb><c:/usr/texlive/2016/texmf-dist/fonts/type1/public/nanumtype1/n
anumgtmd3.pfb><c:/usr/texlive/2016/texmf-dist/fonts/type1/public/nanumtype1/nan
umgtmd4.pfb><c:/usr/texlive/2016/texmf-dist/fonts/type1/public/nanumtype1/nanum
gtmd5.pfb><c:/usr/texlive/2016/texmf-dist/fonts/type1/public/nanumtype1/nanummj
bac.pfb><c:/usr/texlive/2016/texmf-dist/fonts/type1/public/nanumtype1/nanummjba
d.pfb><c:/usr/texlive/2016/texmf-dist/fonts/type1/public/nanumtype1/nanummjbae.
pfb><c:/usr/texlive/2016/texmf-dist/fonts/type1/public/nanumtype1/nanummjbaf.pf
b><c:/usr/texlive/2016/texmf-dist/fonts/type1/public/nanumtype1/nanummjbb0.pfb>
<c:/usr/texlive/2016/texmf-dist/fonts/type1/public/nanumtype1/nanummjbb1.pfb><c
:/usr/texlive/2016/texmf-dist/fonts/type1/public/nanumtype1/nanummjbb2.pfb><c:/
usr/texlive/2016/texmf-dist/fonts/type1/public/nanumtype1/nanummjbb3.pfb><c:/us
r/texlive/2016/texmf-dist/fonts/type1/public/nanumtype1/nanummjbb4.pfb><c:/usr/
texlive/2016/texmf-dist/fonts/type1/public/nanumtype1/nanummjbb5.pfb><c:/usr/te
xlive/2016/texmf-dist/fonts/type1/public/nanumtype1/nanummjbb7.pfb><c:/usr/texl
ive/2016/texmf-dist/fonts/type1/public/nanumtype1/nanummjbb8.pfb><c:/usr/texliv
e/2016/texmf-dist/fonts/type1/public/nanumtype1/nanummjbb9.pfb><c:/usr/texlive/
2016/texmf-dist/fonts/type1/public/nanumtype1/nanummjbba.pfb><c:/usr/texlive/20
16/texmf-dist/fonts/type1/public/nanumtype1/nanummjbbb.pfb><c:/usr/texlive/2016
/texmf-dist/fonts/type1/public/nanumtype1/nanummjbbc.pfb><c:/usr/texlive/2016/t
exmf-dist/fonts/type1/public/nanumtype1/nanummjbbd.pfb><c:/usr/texlive/2016/tex
mf-dist/fonts/type1/public/nanumtype1/nanummjbbe.pfb><c:/usr/texlive/2016/texmf
-dist/fonts/type1/public/nanumtype1/nanummjbc0.pfb><c:/usr/texlive/2016/texmf-d
ist/fonts/type1/public/nanumtype1/nanummjbc1.pfb><c:/usr/texlive/2016/texmf-dis
t/fonts/type1/public/nanumtype1/nanummjbc2.pfb><c:/usr/texlive/2016/texmf-dist/
fonts/type1/public/nanumtype1/nanummjbc4.pfb><c:/usr/texlive/2016/texmf-dist/fo
nts/type1/public/nanumtype1/nanummjbc5.pfb><c:/usr/texlive/2016/texmf-dist/font
s/type1/public/nanumtype1/nanummjbc6.pfb><c:/usr/texlive/2016/texmf-dist/fonts/
type1/public/nanumtype1/nanummjbc7.pfb><c:/usr/texlive/2016/texmf-dist/fonts/ty
pe1/public/nanumtype1/nanummjbc8.pfb><c:/usr/texlive/2016/texmf-dist/fonts/type
1/public/nanumtype1/nanummjbc9.pfb><c:/usr/texlive/2016/texmf-dist/fonts/type1/
public/nanumtype1/nanummjbcc.pfb><c:/usr/texlive/2016/texmf-dist/fonts/type1/pu
blic/nanumtype1/nanummjbcd.pfb><c:/usr/texlive/2016/texmf-dist/fonts/type1/publ
ic/nanumtype1/nanummjbce.pfb><c:/usr/texlive/2016/texmf-dist/fonts/type1/public
/nanumtype1/nanummjbcf.pfb><c:/usr/texlive/2016/texmf-dist/fonts/type1/public/n
anumtype1/nanummjbd0.pfb><c:/usr/texlive/2016/texmf-dist/fonts/type1/public/nan
umtype1/nanummjbd1.pfb><c:/usr/texlive/2016/texmf-dist/fonts/type1/public/nanum
type1/nanummjbd2.pfb><c:/usr/texlive/2016/texmf-dist/fonts/type1/public/nanumty
pe1/nanummjbd3.pfb><c:/usr/texlive/2016/texmf-dist/fonts/type1/public/nanumtype
1/nanummjbd4.pfb><c:/usr/texlive/2016/texmf-dist/fonts/type1/public/nanumtype1/
nanummjbd5.pfb><c:/usr/texlive/2016/texmf-dist/fonts/type1/public/nanumtype1/na
nummjbd6.pfb><c:/usr/texlive/2016/texmf-dist/fonts/type1/public/nanumtype1/nanu
mmjmac.pfb><c:/usr/texlive/2016/texmf-dist/fonts/type1/public/nanumtype1/nanumm
jmad.pfb><c:/usr/texlive/2016/texmf-dist/fonts/type1/public/nanumtype1/nanummjm
ae.pfb><c:/usr/texlive/2016/texmf-dist/fonts/type1/public/nanumtype1/nanummjmaf
.pfb><c:/usr/texlive/2016/texmf-dist/fonts/type1/public/nanumtype1/nanummjmb0.p
fb><c:/usr/texlive/2016/texmf-dist/fonts/type1/public/nanumtype1/nanummjmb1.pfb
><c:/usr/texlive/2016/texmf-dist/fonts/type1/public/nanumtype1/nanummjmb2.pfb><
c:/usr/texlive/2016/texmf-dist/fonts/type1/public/nanumtype1/nanummjmb3.pfb><c:
/usr/texlive/2016/texmf-dist/fonts/type1/public/nanumtype1/nanummjmb4.pfb><c:/u
sr/texlive/2016/texmf-dist/fonts/type1/public/nanumtype1/nanummjmb4.pfb><c:/usr
/texlive/2016/texmf-dist/fonts/type1/public/nanumtype1/nanummjmb5.pfb><c:/usr/t
exlive/2016/texmf-dist/fonts/type1/public/nanumtype1/nanummjmb6.pfb><c:/usr/tex
live/2016/texmf-dist/fonts/type1/public/nanumtype1/nanummjmb7.pfb><c:/usr/texli
ve/2016/texmf-dist/fonts/type1/public/nanumtype1/nanummjmb8.pfb><c:/usr/texlive
/2016/texmf-dist/fonts/type1/public/nanumtype1/nanummjmb9.pfb><c:/usr/texlive/2
016/texmf-dist/fonts/type1/public/nanumtype1/nanummjmba.pfb><c:/usr/texlive/201
6/texmf-dist/fonts/type1/public/nanumtype1/nanummjmbb.pfb><c:/usr/texlive/2016/
texmf-dist/fonts/type1/public/nanumtype1/nanummjmbc.pfb><c:/usr/texlive/2016/te
xmf-dist/fonts/type1/public/nanumtype1/nanummjmbd.pfb><c:/usr/texlive/2016/texm
f-dist/fonts/type1/public/nanumtype1/nanummjmbe.pfb><c:/usr/texlive/2016/texmf-
dist/fonts/type1/public/nanumtype1/nanummjmbf.pfb><c:/usr/texlive/2016/texmf-di
st/fonts/type1/public/nanumtype1/nanummjmc0.pfb><c:/usr/texlive/2016/texmf-dist
/fonts/type1/public/nanumtype1/nanummjmc1.pfb><c:/usr/texlive/2016/texmf-dist/f
onts/type1/public/nanumtype1/nanummjmc1.pfb><c:/usr/texlive/2016/texmf-dist/fon
ts/type1/public/nanumtype1/nanummjmc2.pfb><c:/usr/texlive/2016/texmf-dist/fonts
/type1/public/nanumtype1/nanummjmc3.pfb><c:/usr/texlive/2016/texmf-dist/fonts/t
ype1/public/nanumtype1/nanummjmc4.pfb><c:/usr/texlive/2016/texmf-dist/fonts/typ
e1/public/nanumtype1/nanummjmc5.pfb><c:/usr/texlive/2016/texmf-dist/fonts/type1
/public/nanumtype1/nanummjmc5.pfb><c:/usr/texlive/2016/texmf-dist/fonts/type1/p
ublic/nanumtype1/nanummjmc6.pfb><c:/usr/texlive/2016/texmf-dist/fonts/type1/pub
lic/nanumtype1/nanummjmc7.pfb><c:/usr/texlive/2016/texmf-dist/fonts/type1/publi
c/nanumtype1/nanummjmc8.pfb><c:/usr/texlive/2016/texmf-dist/fonts/type1/public/
nanumtype1/nanummjmc9.pfb><c:/usr/texlive/2016/texmf-dist/fonts/type1/public/na
numtype1/nanummjmca.pfb><c:/usr/texlive/2016/texmf-dist/fonts/type1/public/nanu
mtype1/nanummjmcb.pfb><c:/usr/texlive/2016/texmf-dist/fonts/type1/public/nanumt
ype1/nanummjmcc.pfb><c:/usr/texlive/2016/texmf-dist/fonts/type1/public/nanumtyp
e1/nanummjmcd.pfb><c:/usr/texlive/2016/texmf-dist/fonts/type1/public/nanumtype1
/nanummjmce.pfb><c:/usr/texlive/2016/texmf-dist/fonts/type1/public/nanumtype1/n
anummjmcf.pfb><c:/usr/texlive/2016/texmf-dist/fonts/type1/public/nanumtype1/nan
ummjmd0.pfb><c:/usr/texlive/2016/texmf-dist/fonts/type1/public/nanumtype1/nanum
mjmd1.pfb><c:/usr/texlive/2016/texmf-dist/fonts/type1/public/nanumtype1/nanummj
md2.pfb><c:/usr/texlive/2016/texmf-dist/fonts/type1/public/nanumtype1/nanummjmd
3.pfb><c:/usr/texlive/2016/texmf-dist/fonts/type1/public/nanumtype1/nanummjmd4.
pfb><c:/usr/texlive/2016/texmf-dist/fonts/type1/public/nanumtype1/nanummjmd5.pf
b><c:/usr/texlive/2016/texmf-dist/fonts/type1/public/nanumtype1/nanummjmd6.pfb>
<c:/usr/texlive/2016/texmf-dist/fonts/type1/public/nanumtype1/nanummjmd7.pfb><c
:/usr/texlive/2016/texmf-dist/fonts/type1/uhc/umj/umj02.pfb>
Output written on main.pdf (28 pages, 5160792 bytes).
PDF statistics:
 1441 PDF objects out of 1728 (max. 8388607)
 1082 compressed objects within 11 object streams
 120 named destinations out of 1000 (max. 500000)
 464 words of extra memory for PDF output out of 10000 (max. 10000000)

